0 info it worked if it ends with ok
1 verbose cli [ 'node', '/usr/local/bin/npm', 'install', 'font-spider', '-g' ]
2 info using npm@2.11.3
3 info using node@v0.12.7
4 verbose install initial load of /usr/local/lib/package.json
5 verbose readDependencies loading dependencies from /usr/local/lib/package.json
6 silly cache add args [ 'font-spider', null ]
7 verbose cache add spec font-spider
8 silly cache add parsed spec { raw: 'font-spider',
8 silly cache add   scope: null,
8 silly cache add   name: 'font-spider',
8 silly cache add   rawSpec: '',
8 silly cache add   spec: '*',
8 silly cache add   type: 'range' }
9 silly addNamed font-spider@*
10 verbose addNamed "*" is a valid semver range for font-spider
11 silly addNameRange { name: 'font-spider', range: '*', hasData: false }
12 silly mapToRegistry name font-spider
13 silly mapToRegistry using default registry
14 silly mapToRegistry registry https://registry.npmjs.org/
15 silly mapToRegistry uri https://registry.npmjs.org/font-spider
16 verbose addNameRange registry:https://registry.npmjs.org/font-spider not in flight; fetching
17 verbose request uri https://registry.npmjs.org/font-spider
18 verbose request no auth needed
19 info attempt registry request try #1 at 11:29:42 AM
20 verbose request id 4b791d5782884fd9
21 http request GET https://registry.npmjs.org/font-spider
22 http 200 https://registry.npmjs.org/font-spider
23 silly get cb [ 200,
23 silly get   { server: 'CouchDB/1.5.0 (Erlang OTP/R16B03)',
23 silly get     etag: '"DP99HVXKTH9K4Y7LL1AWTC0M7"',
23 silly get     'content-type': 'application/json',
23 silly get     'cache-control': 'max-age=300',
23 silly get     'content-length': '44088',
23 silly get     'accept-ranges': 'bytes',
23 silly get     date: 'Wed, 17 Feb 2016 03:29:41 GMT',
23 silly get     via: '1.1 varnish',
23 silly get     age: '0',
23 silly get     connection: 'keep-alive',
23 silly get     'x-served-by': 'cache-hkg6822-HKG',
23 silly get     'x-cache': 'MISS',
23 silly get     'x-cache-hits': '0',
23 silly get     'x-timer': 'S1455679781.518710,VS0,VE223',
23 silly get     vary: 'Accept' } ]
24 verbose get saving font-spider to /Users/IceMoka/.npm/registry.npmjs.org/font-spider/.cache.json
25 silly addNameRange number 2 { name: 'font-spider', range: '*', hasData: true }
26 silly addNameRange versions [ 'font-spider',
26 silly addNameRange   [ '0.0.1-beta',
26 silly addNameRange     '0.0.1-beta2',
26 silly addNameRange     '0.0.1-beta3',
26 silly addNameRange     '0.0.1-beta5',
26 silly addNameRange     '0.0.1-beta6',
26 silly addNameRange     '0.0.1-beta8',
26 silly addNameRange     '0.0.1-beta9',
26 silly addNameRange     '0.0.1-beta10',
26 silly addNameRange     '0.0.1-beta12',
26 silly addNameRange     '0.0.1',
26 silly addNameRange     '0.0.2',
26 silly addNameRange     '0.0.3',
26 silly addNameRange     '0.1.0',
26 silly addNameRange     '0.1.1-beta4',
26 silly addNameRange     '0.2.0-beta1',
26 silly addNameRange     '0.2.0-beta2',
26 silly addNameRange     '0.2.0',
26 silly addNameRange     '0.2.1',
26 silly addNameRange     '0.3.0',
26 silly addNameRange     '0.3.1',
26 silly addNameRange     '0.3.3',
26 silly addNameRange     '0.3.4',
26 silly addNameRange     '0.3.5',
26 silly addNameRange     '0.3.6',
26 silly addNameRange     '0.3.7',
26 silly addNameRange     '0.3.8' ] ]
27 silly addNamed font-spider@0.3.8
28 verbose addNamed "0.3.8" is a plain semver version for font-spider
29 silly mapToRegistry name font-spider
30 silly mapToRegistry using default registry
31 silly mapToRegistry registry https://registry.npmjs.org/
32 silly mapToRegistry uri https://registry.npmjs.org/font-spider
33 verbose addRemoteTarball https://registry.npmjs.org/font-spider/-/font-spider-0.3.8.tgz not in flight; adding
34 verbose addRemoteTarball [ 'https://registry.npmjs.org/font-spider/-/font-spider-0.3.8.tgz',
34 verbose addRemoteTarball   'af72524d1709b9a633c4085a0eb6e03ded955cb3' ]
35 info retry fetch attempt 1 at 11:29:42 AM
36 info attempt registry request try #1 at 11:29:42 AM
37 http fetch GET https://registry.npmjs.org/font-spider/-/font-spider-0.3.8.tgz
38 http fetch 200 https://registry.npmjs.org/font-spider/-/font-spider-0.3.8.tgz
39 silly fetchAndShaCheck shasum af72524d1709b9a633c4085a0eb6e03ded955cb3
40 verbose addTmpTarball /var/folders/p_/9kp38z4s7c105zdblty59xk40000gn/T/npm-35952-a290b8d0/registry.npmjs.org/font-spider/-/font-spider-0.3.8.tgz not in flight; adding
41 verbose addTmpTarball already have metadata; skipping unpack for font-spider@0.3.8
42 silly cache afterAdd font-spider@0.3.8
43 verbose afterAdd /Users/IceMoka/.npm/font-spider/0.3.8/package/package.json not in flight; writing
44 verbose afterAdd /Users/IceMoka/.npm/font-spider/0.3.8/package/package.json written
45 silly install resolved [ { name: 'font-spider',
45 silly install resolved     description: 'Webfont optimizer',
45 silly install resolved     version: '0.3.8',
45 silly install resolved     homepage: 'https://github.com/aui/font-spider',
45 silly install resolved     author: { name: 'aui', email: 'sugarpie.tang@gmail.com' },
45 silly install resolved     repository: { type: 'git', url: 'git://github.com/aui/font-spider.git' },
45 silly install resolved     bugs: { url: 'https://github.com/aui/font-spider/issues' },
45 silly install resolved     bin: { fs: 'bin/font-spider', 'font-spider': 'bin/font-spider' },
45 silly install resolved     main: './src/index.js',
45 silly install resolved     engines: { node: '>= 0.8.0' },
45 silly install resolved     scripts:
45 silly install resolved      { _remove: 'rm -rf release',
45 silly install resolved        _copy: 'mkdir release && cp -R demo/* release',
45 silly install resolved        _http: 'node release/spider-http.js',
45 silly install resolved        demo: 'npm run _remove && npm run _copy && node bin/font-spider release/*.html',
45 silly install resolved        test: 'mocha test/test.js && npm run demo' },
45 silly install resolved     dependencies:
45 silly install resolved      { cheerio: '^0.18.0',
45 silly install resolved        commander: '^2.6.0',
45 silly install resolved        cssom: '^0.3.0',
45 silly install resolved        fontmin: '^0.9.0-alpha-3',
45 silly install resolved        glob: '^4.4.0',
45 silly install resolved        ignore: '^2.2.15',
45 silly install resolved        promise: '^6.1.0',
45 silly install resolved        verror: '^1.6.0' },
45 silly install resolved     devDependencies: { mocha: '=2.2.5' },
45 silly install resolved     license: { type: 'MIT', url: 'http://creativecommons.org/licenses/MIT/' },
45 silly install resolved     keywords:
45 silly install resolved      [ 'font',
45 silly install resolved        'fontforge',
45 silly install resolved        'font-face',
45 silly install resolved        'woff',
45 silly install resolved        'ttf',
45 silly install resolved        'svg',
45 silly install resolved        'eot',
45 silly install resolved        'truetype',
45 silly install resolved        'css',
45 silly install resolved        'webfont' ],
45 silly install resolved     gitHead: '645bcdaac41789e7c16c3ac680a63255028c9437',
45 silly install resolved     _id: 'font-spider@0.3.8',
45 silly install resolved     _shasum: 'af72524d1709b9a633c4085a0eb6e03ded955cb3',
45 silly install resolved     _from: 'font-spider@*',
45 silly install resolved     _npmVersion: '2.11.3',
45 silly install resolved     _nodeVersion: '0.12.7',
45 silly install resolved     _npmUser: { name: 'aui', email: '1987.tangbin@gmail.com' },
45 silly install resolved     maintainers: [ [Object] ],
45 silly install resolved     dist:
45 silly install resolved      { shasum: 'af72524d1709b9a633c4085a0eb6e03ded955cb3',
45 silly install resolved        tarball: 'http://registry.npmjs.org/font-spider/-/font-spider-0.3.8.tgz' },
45 silly install resolved     directories: {},
45 silly install resolved     _resolved: 'https://registry.npmjs.org/font-spider/-/font-spider-0.3.8.tgz' } ]
46 info install font-spider@0.3.8 into /usr/local/lib
47 info installOne font-spider@0.3.8
48 verbose installOne of font-spider to /usr/local/lib not in flight; installing
49 verbose lock using /Users/IceMoka/.npm/_locks/font-spider-d6bc40d40d6a7b7c.lock for /usr/local/lib/node_modules/font-spider
50 silly install write writing font-spider 0.3.8 to /usr/local/lib/node_modules/font-spider
51 verbose unbuild lib/node_modules/font-spider
52 silly gentlyRm /usr/local/lib/node_modules/font-spider is being purged from base /usr/local
53 verbose gentlyRm don't care about contents; nuking /usr/local/lib/node_modules/font-spider
54 verbose tar unpack /Users/IceMoka/.npm/font-spider/0.3.8/package.tgz
55 verbose tar unpacking to /usr/local/lib/node_modules/font-spider
56 silly gentlyRm /usr/local/lib/node_modules/font-spider is being purged
57 verbose gentlyRm don't care about contents; nuking /usr/local/lib/node_modules/font-spider
58 silly gunzTarPerm modes [ '755', '644' ]
59 error tar.unpack untar error /Users/IceMoka/.npm/font-spider/0.3.8/package.tgz
60 verbose unlock done using /Users/IceMoka/.npm/_locks/font-spider-d6bc40d40d6a7b7c.lock for /usr/local/lib/node_modules/font-spider
61 verbose fstream_path /usr/local/lib/node_modules/font-spider
62 verbose fstream_type Directory
63 verbose fstream_class DirWriter
64 verbose stack Error: EACCES, mkdir '/usr/local/lib/node_modules/font-spider'
64 verbose stack     at Error (native)
65 verbose fstream_stack /usr/local/lib/node_modules/npm/node_modules/fstream/lib/dir-writer.js:35:25
65 verbose fstream_stack /usr/local/lib/node_modules/npm/node_modules/mkdirp/index.js:47:53
65 verbose fstream_stack FSReqWrap.oncomplete (fs.js:95:15)
66 verbose cwd /Users/IceMoka/Documents/HTML/NewRobotWeb
67 error Darwin 15.2.0
68 error argv "node" "/usr/local/bin/npm" "install" "font-spider" "-g"
69 error node v0.12.7
70 error npm  v2.11.3
71 error path /usr/local/lib/node_modules/font-spider
72 error code EACCES
73 error errno -13
74 error Error: EACCES, mkdir '/usr/local/lib/node_modules/font-spider'
74 error     at Error (native)
74 error  { [Error: EACCES, mkdir '/usr/local/lib/node_modules/font-spider']
74 error   errno: -13,
74 error   code: 'EACCES',
74 error   path: '/usr/local/lib/node_modules/font-spider',
74 error   fstream_type: 'Directory',
74 error   fstream_path: '/usr/local/lib/node_modules/font-spider',
74 error   fstream_class: 'DirWriter',
74 error   fstream_stack:
74 error    [ '/usr/local/lib/node_modules/npm/node_modules/fstream/lib/dir-writer.js:35:25',
74 error      '/usr/local/lib/node_modules/npm/node_modules/mkdirp/index.js:47:53',
74 error      'FSReqWrap.oncomplete (fs.js:95:15)' ] }
75 error Please try running this command again as root/Administrator.
76 verbose exit [ -13, true ]
77 verbose unbuild lib/node_modules/font-spider
78 silly gentlyRm /usr/local/lib/node_modules/font-spider is being purged from base /usr/local
79 verbose gentlyRm don't care about contents; nuking /usr/local/lib/node_modules/font-spider
